<?xml version="1.0" encoding="UTF-8"?>
<!-- Generated by org.testng.reporters.JUnitXMLReporter -->
<testsuite ignored="0" hostname="DESKTOP-LG9UCNK" failures="0" tests="3" name="Default test" time="45.615" errors="0" timestamp="2023-12-16T22:29:39 EET">
  <testcase classname="Saucedemo.MyTest" name="FilterItems" time="4.365"/>
  <testcase classname="Saucedemo.MyTest" name="AddToCart" time="0.317"/>
  <testcase classname="Saucedemo.MyTest" name="CheckOut" time="2.62"/>
</testsuite> <!-- Default test -->
