<?xml version="1.0" encoding="UTF-8"?>
<!-- Generated by org.testng.reporters.JUnitXMLReporter -->
<testsuite ignored="0" hostname="DESKTOP-LG9UCNK" failures="0" tests="3" name="Default test" time="20.767" errors="0" timestamp="2023-12-25T22:04:58 EET">
  <testcase classname="Saucedemo.MyTest" name="FilterItems" time="8.566"/>
  <testcase classname="Saucedemo.MyTest" name="AddToCart" time="0.358"/>
  <testcase classname="Saucedemo.MyTest" name="CheckOut" time="1.105"/>
</testsuite> <!-- Default test -->
