<?xml version="1.0" encoding="UTF-8"?>
<testng-results ignored="0" total="3" passed="3" failed="0" skipped="0">
  <reporter-output>
  </reporter-output>
  <suite started-at="2023-12-25T22:04:37 EET" name="Default suite" finished-at="2023-12-25T22:04:58 EET" duration-ms="20767">
    <groups>
    </groups>
    <test started-at="2023-12-25T22:04:37 EET" name="Default test" finished-at="2023-12-25T22:04:58 EET" duration-ms="20767">
      <class name="Saucedemo.MyTest">
        <test-method is-config="true" signature="SetUp()[pri:0, instance:Saucedemo.MyTest@1c80e49b]" started-at="2023-12-25T22:04:37 EET" name="SetUp" finished-at="2023-12-25T22:04:48 EET" duration-ms="10631" status="PASS">
          <reporter-output>
          </reporter-output>
        </test-method> <!-- SetUp -->
        <test-method signature="FilterItems()[pri:1, instance:Saucedemo.MyTest@1c80e49b]" started-at="2023-12-25T22:04:48 EET" name="FilterItems" finished-at="2023-12-25T22:04:57 EET" duration-ms="8566" status="PASS">
          <reporter-output>
          </reporter-output>
        </test-method> <!-- FilterItems -->
        <test-method signature="AddToCart()[pri:2, instance:Saucedemo.MyTest@1c80e49b]" started-at="2023-12-25T22:04:57 EET" name="AddToCart" finished-at="2023-12-25T22:04:57 EET" duration-ms="358" status="PASS">
          <reporter-output>
          </reporter-output>
        </test-method> <!-- AddToCart -->
        <test-method signature="CheckOut()[pri:3, instance:Saucedemo.MyTest@1c80e49b]" started-at="2023-12-25T22:04:57 EET" name="CheckOut" finished-at="2023-12-25T22:04:58 EET" duration-ms="1105" status="PASS">
          <reporter-output>
          </reporter-output>
        </test-method> <!-- CheckOut -->
        <test-method is-config="true" signature="Ending()[pri:0, instance:Saucedemo.MyTest@1c80e49b]" started-at="2023-12-25T22:04:58 EET" name="Ending" finished-at="2023-12-25T22:04:58 EET" duration-ms="1" status="PASS">
          <reporter-output>
          </reporter-output>
        </test-method> <!-- Ending -->
      </class> <!-- Saucedemo.MyTest -->
    </test> <!-- Default test -->
  </suite> <!-- Default suite -->
</testng-results>
